<?xml version="1.0" encoding="UTF-8"?>
<testng-results ignored="0" total="8" passed="6" failed="2" skipped="0">
  <reporter-output>
    <line>
      <![CDATA[element unable to found]]>
    </line>
  </reporter-output>
  <suite started-at="2022-04-15T12:06:18 IST" name="Suite" finished-at="2022-04-15T12:08:17 IST" duration-ms="119203">
    <groups>
    </groups>
    <test started-at="2022-04-15T12:06:18 IST" name="Test" finished-at="2022-04-15T12:08:17 IST" duration-ms="119203">
      <class name="com.Saucedemo.Testclasses.TC04CartFunctionality">
        <test-method is-config="true" signature="openBrowser(java.lang.String)[pri:0, instance:com.Saucedemo.Testclasses.TC04CartFunctionality@41fbdac4]" started-at="2022-04-15T12:07:58 IST" name="openBrowser" finished-at="2022-04-15T12:08:03 IST" duration-ms="4676" status="PASS">
          <params>
            <param index="0">
              <value>
                <![CDATA[chrome]]>
              </value>
            </param>
          </params>
          <reporter-output>
          </reporter-output>
        </test-method> <!-- openBrowser -->
        <test-method is-config="true" signature="logIn()[pri:0, instance:com.Saucedemo.Testclasses.TC04CartFunctionality@41fbdac4]" started-at="2022-04-15T12:08:03 IST" name="logIn" finished-at="2022-04-15T12:08:03 IST" duration-ms="494" status="PASS">
          <reporter-output>
          </reporter-output>
        </test-method> <!-- logIn -->
        <test-method signature="CartFunctionality()[pri:3, instance:com.Saucedemo.Testclasses.TC04CartFunctionality@41fbdac4]" started-at="2022-04-15T12:08:03 IST" name="CartFunctionality" finished-at="2022-04-15T12:08:04 IST" duration-ms="813" status="PASS">
          <reporter-output>
          </reporter-output>
        </test-method> <!-- CartFunctionality -->
        <test-method is-config="true" signature="logOut()[pri:0, instance:com.Saucedemo.Testclasses.TC04CartFunctionality@41fbdac4]" started-at="2022-04-15T12:08:04 IST" name="logOut" finished-at="2022-04-15T12:08:04 IST" duration-ms="278" status="PASS">
          <reporter-output>
          </reporter-output>
        </test-method> <!-- logOut -->
        <test-method is-config="true" signature="closeBrowser()[pri:0, instance:com.Saucedemo.Testclasses.TC04CartFunctionality@41fbdac4]" started-at="2022-04-15T12:08:04 IST" name="closeBrowser" finished-at="2022-04-15T12:08:05 IST" duration-ms="625" status="PASS">
          <reporter-output>
          </reporter-output>
        </test-method> <!-- closeBrowser -->
      </class> <!-- com.Saucedemo.Testclasses.TC04CartFunctionality -->
      <class name="com.Saucedemo.Testclasses.TC07MultipleProductSelection">
        <test-method is-config="true" signature="openBrowser(java.lang.String)[pri:0, instance:com.Saucedemo.Testclasses.TC07MultipleProductSelection@4f209819]" started-at="2022-04-15T12:06:27 IST" name="openBrowser" finished-at="2022-04-15T12:06:34 IST" duration-ms="6313" status="PASS">
          <params>
            <param index="0">
              <value>
                <![CDATA[chrome]]>
              </value>
            </param>
          </params>
          <reporter-output>
          </reporter-output>
        </test-method> <!-- openBrowser -->
        <test-method is-config="true" signature="logIn()[pri:0, instance:com.Saucedemo.Testclasses.TC07MultipleProductSelection@4f209819]" started-at="2022-04-15T12:06:34 IST" name="logIn" finished-at="2022-04-15T12:06:34 IST" duration-ms="457" status="PASS">
          <reporter-output>
          </reporter-output>
        </test-method> <!-- logIn -->
        <test-method signature="MultipleProductSelected()[pri:4, instance:com.Saucedemo.Testclasses.TC07MultipleProductSelection@4f209819]" started-at="2022-04-15T12:06:34 IST" name="MultipleProductSelected" finished-at="2022-04-15T12:06:35 IST" duration-ms="700" status="PASS">
          <reporter-output>
          </reporter-output>
        </test-method> <!-- MultipleProductSelected -->
        <test-method is-config="true" signature="logOut()[pri:0, instance:com.Saucedemo.Testclasses.TC07MultipleProductSelection@4f209819]" started-at="2022-04-15T12:06:35 IST" name="logOut" finished-at="2022-04-15T12:06:35 IST" duration-ms="296" status="PASS">
          <reporter-output>
          </reporter-output>
        </test-method> <!-- logOut -->
        <test-method is-config="true" signature="closeBrowser()[pri:0, instance:com.Saucedemo.Testclasses.TC07MultipleProductSelection@4f209819]" started-at="2022-04-15T12:06:35 IST" name="closeBrowser" finished-at="2022-04-15T12:06:36 IST" duration-ms="450" status="PASS">
          <reporter-output>
          </reporter-output>
        </test-method> <!-- closeBrowser -->
      </class> <!-- com.Saucedemo.Testclasses.TC07MultipleProductSelection -->
      <class name="com.Saucedemo.Testclasses.TC01LoginFunctionality">
        <test-method is-config="true" signature="openBrowser(java.lang.String)[pri:0, instance:com.Saucedemo.Testclasses.TC01LoginFunctionality@31368b99]" started-at="2022-04-15T12:06:18 IST" name="openBrowser" finished-at="2022-04-15T12:06:25 IST" duration-ms="7454" status="PASS">
          <params>
            <param index="0">
              <value>
                <![CDATA[chrome]]>
              </value>
            </param>
          </params>
          <reporter-output>
          </reporter-output>
        </test-method> <!-- openBrowser -->
        <test-method is-config="true" signature="logIn()[pri:0, instance:com.Saucedemo.Testclasses.TC01LoginFunctionality@31368b99]" started-at="2022-04-15T12:06:25 IST" name="logIn" finished-at="2022-04-15T12:06:26 IST" duration-ms="668" status="PASS">
          <reporter-output>
          </reporter-output>
        </test-method> <!-- logIn -->
        <test-method signature="LoginFunctionality()[pri:0, instance:com.Saucedemo.Testclasses.TC01LoginFunctionality@31368b99]" started-at="2022-04-15T12:06:26 IST" name="LoginFunctionality" finished-at="2022-04-15T12:06:26 IST" duration-ms="74" status="PASS">
          <reporter-output>
          </reporter-output>
        </test-method> <!-- LoginFunctionality -->
        <test-method is-config="true" signature="logOut()[pri:0, instance:com.Saucedemo.Testclasses.TC01LoginFunctionality@31368b99]" started-at="2022-04-15T12:06:26 IST" name="logOut" finished-at="2022-04-15T12:06:27 IST" duration-ms="410" status="PASS">
          <reporter-output>
          </reporter-output>
        </test-method> <!-- logOut -->
        <test-method is-config="true" signature="closeBrowser()[pri:0, instance:com.Saucedemo.Testclasses.TC01LoginFunctionality@31368b99]" started-at="2022-04-15T12:06:27 IST" name="closeBrowser" finished-at="2022-04-15T12:06:27 IST" duration-ms="601" status="PASS">
          <reporter-output>
          </reporter-output>
        </test-method> <!-- closeBrowser -->
      </class> <!-- com.Saucedemo.Testclasses.TC01LoginFunctionality -->
      <class name="com.Saucedemo.Testclasses.TC06FinishOrder">
        <test-method is-config="true" signature="openBrowser(java.lang.String)[pri:0, instance:com.Saucedemo.Testclasses.TC06FinishOrder@3427b02d]" started-at="2022-04-15T12:06:44 IST" name="openBrowser" finished-at="2022-04-15T12:06:50 IST" duration-ms="6057" status="PASS">
          <params>
            <param index="0">
              <value>
                <![CDATA[chrome]]>
              </value>
            </param>
          </params>
          <reporter-output>
          </reporter-output>
        </test-method> <!-- openBrowser -->
        <test-method is-config="true" signature="logIn()[pri:0, instance:com.Saucedemo.Testclasses.TC06FinishOrder@3427b02d]" started-at="2022-04-15T12:06:50 IST" name="logIn" finished-at="2022-04-15T12:06:50 IST" duration-ms="425" status="PASS">
          <reporter-output>
          </reporter-output>
        </test-method> <!-- logIn -->
        <test-method signature="finishOrderPlaced()[pri:-1, instance:com.Saucedemo.Testclasses.TC06FinishOrder@3427b02d]" started-at="2022-04-15T12:06:50 IST" name="finishOrderPlaced" finished-at="2022-04-15T12:07:20 IST" duration-ms="30032" status="FAIL">
          <exception class="org.openqa.selenium.NoSuchElementException">
            <message>
              <![CDATA[no such element: Unable to locate element: {"method":"xpath","selector":"//button[@id='finish']"}
  (Session info: chrome=100.0.4896.88)
For documentation on this error, please visit: https://www.seleniumhq.org/exceptions/no_such_element.html
Build info: version: '3.141.59', revision: 'e82be7d358', time: '2018-11-14T08:17:03'
System info: host: 'AKSHAY', ip: '192.168.43.92', os.name: 'Windows 10', os.arch: 'amd64', os.version: '10.0', java.version: '17.0.2'
Driver info: org.openqa.selenium.chrome.ChromeDriver
Capabilities {acceptInsecureCerts: false, browserName: chrome, browserVersion: 100.0.4896.88, chrome: {chromedriverVersion: 99.0.4844.51 (d537ec02474b5..., userDataDir: C:\Users\user\AppData\Local...}, goog:chromeOptions: {debuggerAddress: localhost:52979}, javascriptEnabled: true, networkConnectionEnabled: false, pageLoadStrategy: normal, platform: WINDOWS, platformName: WINDOWS, proxy: Proxy(), setWindowRect: true, strictFileInteractability: false, timeouts: {implicit: 0, pageLoad: 300000, script: 30000}, unhandledPromptBehavior: dismiss and notify, webauthn:extension:credBlob: true, webauthn:extension:largeBlob: true, webauthn:virtualAuthenticators: true}
Session ID: 3a8629c6e278a773e90226252eb9fc71
*** Element info: {Using=xpath, value=//button[@id='finish']}]]>
            </message>
            <full-stacktrace>
              <![CDATA[org.openqa.selenium.NoSuchElementException: no such element: Unable to locate element: {"method":"xpath","selector":"//button[@id='finish']"}
  (Session info: chrome=100.0.4896.88)
For documentation on this error, please visit: https://www.seleniumhq.org/exceptions/no_such_element.html
Build info: version: '3.141.59', revision: 'e82be7d358', time: '2018-11-14T08:17:03'
System info: host: 'AKSHAY', ip: '192.168.43.92', os.name: 'Windows 10', os.arch: 'amd64', os.version: '10.0', java.version: '17.0.2'
Driver info: org.openqa.selenium.chrome.ChromeDriver
Capabilities {acceptInsecureCerts: false, browserName: chrome, browserVersion: 100.0.4896.88, chrome: {chromedriverVersion: 99.0.4844.51 (d537ec02474b5..., userDataDir: C:\Users\user\AppData\Local...}, goog:chromeOptions: {debuggerAddress: localhost:52979}, javascriptEnabled: true, networkConnectionEnabled: false, pageLoadStrategy: normal, platform: WINDOWS, platformName: WINDOWS, proxy: Proxy(), setWindowRect: true, strictFileInteractability: false, timeouts: {implicit: 0, pageLoad: 300000, script: 30000}, unhandledPromptBehavior: dismiss and notify, webauthn:extension:credBlob: true, webauthn:extension:largeBlob: true, webauthn:virtualAuthenticators: true}
Session ID: 3a8629c6e278a773e90226252eb9fc71
*** Element info: {Using=xpath, value=//button[@id='finish']}
at java.base/jdk.internal.reflect.NativeConstructorAccessorImpl.newInstance0(Native Method)
at java.base/jdk.internal.reflect.NativeConstructorAccessorImpl.newInstance(NativeConstructorAccessorImpl.java:77)
at java.base/jdk.internal.reflect.DelegatingConstructorAccessorImpl.newInstance(DelegatingConstructorAccessorImpl.java:45)
at java.base/java.lang.reflect.Constructor.newInstanceWithCaller(Constructor.java:499)
at java.base/java.lang.reflect.Constructor.newInstance(Constructor.java:480)
at org.openqa.selenium.remote.http.W3CHttpResponseCodec.createException(W3CHttpResponseCodec.java:187)
at org.openqa.selenium.remote.http.W3CHttpResponseCodec.decode(W3CHttpResponseCodec.java:122)
at org.openqa.selenium.remote.http.W3CHttpResponseCodec.decode(W3CHttpResponseCodec.java:49)
at org.openqa.selenium.remote.HttpCommandExecutor.execute(HttpCommandExecutor.java:158)
at org.openqa.selenium.remote.service.DriverCommandExecutor.execute(DriverCommandExecutor.java:83)
at org.openqa.selenium.remote.RemoteWebDriver.execute(RemoteWebDriver.java:552)
at org.openqa.selenium.remote.RemoteWebDriver.findElement(RemoteWebDriver.java:323)
at org.openqa.selenium.remote.RemoteWebDriver.findElementByXPath(RemoteWebDriver.java:428)
at org.openqa.selenium.By$ByXPath.findElement(By.java:353)
at org.openqa.selenium.remote.RemoteWebDriver.findElement(RemoteWebDriver.java:315)
at org.openqa.selenium.support.pagefactory.DefaultElementLocator.findElement(DefaultElementLocator.java:69)
at org.openqa.selenium.support.pagefactory.internal.LocatingElementHandler.invoke(LocatingElementHandler.java:38)
at jdk.proxy2/jdk.proxy2.$Proxy17.click(Unknown Source)
at com.Saucedemo.POMclasses.FinalPage.finish(FinalPage.java:27)
at com.Saucedemo.Testclasses.TC06FinishOrder.finishOrderPlaced(TC06FinishOrder.java:22)
at java.base/jdk.internal.reflect.NativeMethodAccessorImpl.invoke0(Native Method)
at java.base/jdk.internal.reflect.NativeMethodAccessorImpl.invoke(NativeMethodAccessorImpl.java:77)
at java.base/jdk.internal.reflect.DelegatingMethodAccessorImpl.invoke(DelegatingMethodAccessorImpl.java:43)
at java.base/java.lang.reflect.Method.invoke(Method.java:568)
at org.testng.internal.MethodInvocationHelper.invokeMethod(MethodInvocationHelper.java:133)
at org.testng.internal.TestInvoker.invokeMethod(TestInvoker.java:598)
at org.testng.internal.TestInvoker.invokeTestMethod(TestInvoker.java:173)
at org.testng.internal.MethodRunner.runInSequence(MethodRunner.java:46)
at org.testng.internal.TestInvoker$MethodInvocationAgent.invoke(TestInvoker.java:824)
at org.testng.internal.TestInvoker.invokeTestMethods(TestInvoker.java:146)
at org.testng.internal.TestMethodWorker.invokeTestMethods(TestMethodWorker.java:146)
at org.testng.internal.TestMethodWorker.run(TestMethodWorker.java:128)
at java.base/java.util.ArrayList.forEach(ArrayList.java:1511)
at org.testng.TestRunner.privateRun(TestRunner.java:794)
at org.testng.TestRunner.run(TestRunner.java:596)
at org.testng.SuiteRunner.runTest(SuiteRunner.java:377)
at org.testng.SuiteRunner.runSequentially(SuiteRunner.java:371)
at org.testng.SuiteRunner.privateRun(SuiteRunner.java:332)
at org.testng.SuiteRunner.run(SuiteRunner.java:276)
at org.testng.SuiteRunnerWorker.runSuite(SuiteRunnerWorker.java:53)
at org.testng.SuiteRunnerWorker.run(SuiteRunnerWorker.java:96)
at org.testng.TestNG.runSuitesSequentially(TestNG.java:1212)
at org.testng.TestNG.runSuitesLocally(TestNG.java:1134)
at org.testng.TestNG.runSuites(TestNG.java:1063)
at org.testng.TestNG.run(TestNG.java:1031)
at org.testng.remote.AbstractRemoteTestNG.run(AbstractRemoteTestNG.java:115)
at org.testng.remote.RemoteTestNG.initAndRun(RemoteTestNG.java:251)
at org.testng.remote.RemoteTestNG.main(RemoteTestNG.java:77)
]]>
            </full-stacktrace>
          </exception> <!-- org.openqa.selenium.NoSuchElementException -->
          <reporter-output>
          </reporter-output>
        </test-method> <!-- finishOrderPlaced -->
        <test-method is-config="true" signature="logOut()[pri:0, instance:com.Saucedemo.Testclasses.TC06FinishOrder@3427b02d]" started-at="2022-04-15T12:07:21 IST" name="logOut" finished-at="2022-04-15T12:07:21 IST" duration-ms="283" status="PASS">
          <reporter-output>
          </reporter-output>
        </test-method> <!-- logOut -->
        <test-method is-config="true" signature="closeBrowser()[pri:0, instance:com.Saucedemo.Testclasses.TC06FinishOrder@3427b02d]" started-at="2022-04-15T12:07:21 IST" name="closeBrowser" finished-at="2022-04-15T12:07:21 IST" duration-ms="464" status="PASS">
          <reporter-output>
          </reporter-output>
        </test-method> <!-- closeBrowser -->
      </class> <!-- com.Saucedemo.Testclasses.TC06FinishOrder -->
      <class name="com.Saucedemo.Testclasses.TC02LogoutFunctionality">
        <test-method is-config="true" signature="openBrowser(java.lang.String)[pri:0, instance:com.Saucedemo.Testclasses.TC02LogoutFunctionality@28eaa59a]" started-at="2022-04-15T12:06:36 IST" name="openBrowser" finished-at="2022-04-15T12:06:41 IST" duration-ms="5589" status="PASS">
          <params>
            <param index="0">
              <value>
                <![CDATA[chrome]]>
              </value>
            </param>
          </params>
          <reporter-output>
          </reporter-output>
        </test-method> <!-- openBrowser -->
        <test-method is-config="true" signature="logIn()[pri:0, instance:com.Saucedemo.Testclasses.TC02LogoutFunctionality@28eaa59a]" started-at="2022-04-15T12:06:41 IST" name="logIn" finished-at="2022-04-15T12:06:42 IST" duration-ms="436" status="PASS">
          <reporter-output>
          </reporter-output>
        </test-method> <!-- logIn -->
        <test-method signature="LogoutFunctionality()[pri:1, instance:com.Saucedemo.Testclasses.TC02LogoutFunctionality@28eaa59a]" started-at="2022-04-15T12:06:42 IST" name="LogoutFunctionality" finished-at="2022-04-15T12:06:42 IST" duration-ms="25" status="PASS">
          <reporter-output>
          </reporter-output>
        </test-method> <!-- LogoutFunctionality -->
        <test-method is-config="true" signature="logOut()[pri:0, instance:com.Saucedemo.Testclasses.TC02LogoutFunctionality@28eaa59a]" started-at="2022-04-15T12:06:42 IST" name="logOut" finished-at="2022-04-15T12:06:42 IST" duration-ms="315" status="PASS">
          <reporter-output>
          </reporter-output>
        </test-method> <!-- logOut -->
        <test-method is-config="true" signature="logIn()[pri:0, instance:com.Saucedemo.Testclasses.TC02LogoutFunctionality@28eaa59a]" started-at="2022-04-15T12:06:42 IST" name="logIn" finished-at="2022-04-15T12:06:43 IST" duration-ms="414" status="PASS">
          <reporter-output>
          </reporter-output>
        </test-method> <!-- logIn -->
        <test-method signature="LogoutFunctionality()[pri:1, instance:com.Saucedemo.Testclasses.TC02LogoutFunctionality@28eaa59a]" started-at="2022-04-15T12:06:43 IST" name="LogoutFunctionality" finished-at="2022-04-15T12:06:43 IST" duration-ms="35" status="PASS">
          <reporter-output>
          </reporter-output>
        </test-method> <!-- LogoutFunctionality -->
        <test-method is-config="true" signature="logOut()[pri:0, instance:com.Saucedemo.Testclasses.TC02LogoutFunctionality@28eaa59a]" started-at="2022-04-15T12:06:43 IST" name="logOut" finished-at="2022-04-15T12:06:43 IST" duration-ms="424" status="PASS">
          <reporter-output>
          </reporter-output>
        </test-method> <!-- logOut -->
        <test-method is-config="true" signature="closeBrowser()[pri:0, instance:com.Saucedemo.Testclasses.TC02LogoutFunctionality@28eaa59a]" started-at="2022-04-15T12:06:43 IST" name="closeBrowser" finished-at="2022-04-15T12:06:44 IST" duration-ms="460" status="PASS">
          <reporter-output>
          </reporter-output>
        </test-method> <!-- closeBrowser -->
      </class> <!-- com.Saucedemo.Testclasses.TC02LogoutFunctionality -->
      <class name="com.Saucedemo.Testclasses.TC05CheckoutInformationFill">
        <test-method is-config="true" signature="openBrowser(java.lang.String)[pri:0, instance:com.Saucedemo.Testclasses.TC05CheckoutInformationFill@647e447]" started-at="2022-04-15T12:07:21 IST" name="openBrowser" finished-at="2022-04-15T12:07:26 IST" duration-ms="4782" status="PASS">
          <params>
            <param index="0">
              <value>
                <![CDATA[chrome]]>
              </value>
            </param>
          </params>
          <reporter-output>
          </reporter-output>
        </test-method> <!-- openBrowser -->
        <test-method is-config="true" signature="logIn()[pri:0, instance:com.Saucedemo.Testclasses.TC05CheckoutInformationFill@647e447]" started-at="2022-04-15T12:07:26 IST" name="logIn" finished-at="2022-04-15T12:07:27 IST" duration-ms="498" status="PASS">
          <reporter-output>
          </reporter-output>
        </test-method> <!-- logIn -->
        <test-method signature="CheckoutInformationFill()[pri:-2, instance:com.Saucedemo.Testclasses.TC05CheckoutInformationFill@647e447]" started-at="2022-04-15T12:07:27 IST" name="CheckoutInformationFill" finished-at="2022-04-15T12:07:57 IST" duration-ms="30026" status="FAIL">
          <exception class="org.openqa.selenium.NoSuchElementException">
            <message>
              <![CDATA[no such element: Unable to locate element: {"method":"xpath","selector":"//input[@id='first-name']"}
  (Session info: chrome=100.0.4896.88)
For documentation on this error, please visit: https://www.seleniumhq.org/exceptions/no_such_element.html
Build info: version: '3.141.59', revision: 'e82be7d358', time: '2018-11-14T08:17:03'
System info: host: 'AKSHAY', ip: '192.168.43.92', os.name: 'Windows 10', os.arch: 'amd64', os.version: '10.0', java.version: '17.0.2'
Driver info: org.openqa.selenium.chrome.ChromeDriver
Capabilities {acceptInsecureCerts: false, browserName: chrome, browserVersion: 100.0.4896.88, chrome: {chromedriverVersion: 99.0.4844.51 (d537ec02474b5..., userDataDir: C:\Users\user\AppData\Local...}, goog:chromeOptions: {debuggerAddress: localhost:53004}, javascriptEnabled: true, networkConnectionEnabled: false, pageLoadStrategy: normal, platform: WINDOWS, platformName: WINDOWS, proxy: Proxy(), setWindowRect: true, strictFileInteractability: false, timeouts: {implicit: 0, pageLoad: 300000, script: 30000}, unhandledPromptBehavior: dismiss and notify, webauthn:extension:credBlob: true, webauthn:extension:largeBlob: true, webauthn:virtualAuthenticators: true}
Session ID: d0de45287f58643b7c78766569ee821b
*** Element info: {Using=xpath, value=//input[@id='first-name']}]]>
            </message>
            <full-stacktrace>
              <![CDATA[org.openqa.selenium.NoSuchElementException: no such element: Unable to locate element: {"method":"xpath","selector":"//input[@id='first-name']"}
  (Session info: chrome=100.0.4896.88)
For documentation on this error, please visit: https://www.seleniumhq.org/exceptions/no_such_element.html
Build info: version: '3.141.59', revision: 'e82be7d358', time: '2018-11-14T08:17:03'
System info: host: 'AKSHAY', ip: '192.168.43.92', os.name: 'Windows 10', os.arch: 'amd64', os.version: '10.0', java.version: '17.0.2'
Driver info: org.openqa.selenium.chrome.ChromeDriver
Capabilities {acceptInsecureCerts: false, browserName: chrome, browserVersion: 100.0.4896.88, chrome: {chromedriverVersion: 99.0.4844.51 (d537ec02474b5..., userDataDir: C:\Users\user\AppData\Local...}, goog:chromeOptions: {debuggerAddress: localhost:53004}, javascriptEnabled: true, networkConnectionEnabled: false, pageLoadStrategy: normal, platform: WINDOWS, platformName: WINDOWS, proxy: Proxy(), setWindowRect: true, strictFileInteractability: false, timeouts: {implicit: 0, pageLoad: 300000, script: 30000}, unhandledPromptBehavior: dismiss and notify, webauthn:extension:credBlob: true, webauthn:extension:largeBlob: true, webauthn:virtualAuthenticators: true}
Session ID: d0de45287f58643b7c78766569ee821b
*** Element info: {Using=xpath, value=//input[@id='first-name']}
at java.base/jdk.internal.reflect.NativeConstructorAccessorImpl.newInstance0(Native Method)
at java.base/jdk.internal.reflect.NativeConstructorAccessorImpl.newInstance(NativeConstructorAccessorImpl.java:77)
at java.base/jdk.internal.reflect.DelegatingConstructorAccessorImpl.newInstance(DelegatingConstructorAccessorImpl.java:45)
at java.base/java.lang.reflect.Constructor.newInstanceWithCaller(Constructor.java:499)
at java.base/java.lang.reflect.Constructor.newInstance(Constructor.java:480)
at org.openqa.selenium.remote.http.W3CHttpResponseCodec.createException(W3CHttpResponseCodec.java:187)
at org.openqa.selenium.remote.http.W3CHttpResponseCodec.decode(W3CHttpResponseCodec.java:122)
at org.openqa.selenium.remote.http.W3CHttpResponseCodec.decode(W3CHttpResponseCodec.java:49)
at org.openqa.selenium.remote.HttpCommandExecutor.execute(HttpCommandExecutor.java:158)
at org.openqa.selenium.remote.service.DriverCommandExecutor.execute(DriverCommandExecutor.java:83)
at org.openqa.selenium.remote.RemoteWebDriver.execute(RemoteWebDriver.java:552)
at org.openqa.selenium.remote.RemoteWebDriver.findElement(RemoteWebDriver.java:323)
at org.openqa.selenium.remote.RemoteWebDriver.findElementByXPath(RemoteWebDriver.java:428)
at org.openqa.selenium.By$ByXPath.findElement(By.java:353)
at org.openqa.selenium.remote.RemoteWebDriver.findElement(RemoteWebDriver.java:315)
at org.openqa.selenium.support.pagefactory.DefaultElementLocator.findElement(DefaultElementLocator.java:69)
at org.openqa.selenium.support.pagefactory.internal.LocatingElementHandler.invoke(LocatingElementHandler.java:38)
at jdk.proxy2/jdk.proxy2.$Proxy17.sendKeys(Unknown Source)
at com.Saucedemo.POMclasses.CheckoutInformation.insertFirstName(CheckoutInformation.java:36)
at com.Saucedemo.Testclasses.TC05CheckoutInformationFill.CheckoutInformationFill(TC05CheckoutInformationFill.java:27)
at java.base/jdk.internal.reflect.NativeMethodAccessorImpl.invoke0(Native Method)
at java.base/jdk.internal.reflect.NativeMethodAccessorImpl.invoke(NativeMethodAccessorImpl.java:77)
at java.base/jdk.internal.reflect.DelegatingMethodAccessorImpl.invoke(DelegatingMethodAccessorImpl.java:43)
at java.base/java.lang.reflect.Method.invoke(Method.java:568)
at org.testng.internal.MethodInvocationHelper.invokeMethod(MethodInvocationHelper.java:133)
at org.testng.internal.TestInvoker.invokeMethod(TestInvoker.java:598)
at org.testng.internal.TestInvoker.invokeTestMethod(TestInvoker.java:173)
at org.testng.internal.MethodRunner.runInSequence(MethodRunner.java:46)
at org.testng.internal.TestInvoker$MethodInvocationAgent.invoke(TestInvoker.java:824)
at org.testng.internal.TestInvoker.invokeTestMethods(TestInvoker.java:146)
at org.testng.internal.TestMethodWorker.invokeTestMethods(TestMethodWorker.java:146)
at org.testng.internal.TestMethodWorker.run(TestMethodWorker.java:128)
at java.base/java.util.ArrayList.forEach(ArrayList.java:1511)
at org.testng.TestRunner.privateRun(TestRunner.java:794)
at org.testng.TestRunner.run(TestRunner.java:596)
at org.testng.SuiteRunner.runTest(SuiteRunner.java:377)
at org.testng.SuiteRunner.runSequentially(SuiteRunner.java:371)
at org.testng.SuiteRunner.privateRun(SuiteRunner.java:332)
at org.testng.SuiteRunner.run(SuiteRunner.java:276)
at org.testng.SuiteRunnerWorker.runSuite(SuiteRunnerWorker.java:53)
at org.testng.SuiteRunnerWorker.run(SuiteRunnerWorker.java:96)
at org.testng.TestNG.runSuitesSequentially(TestNG.java:1212)
at org.testng.TestNG.runSuitesLocally(TestNG.java:1134)
at org.testng.TestNG.runSuites(TestNG.java:1063)
at org.testng.TestNG.run(TestNG.java:1031)
at org.testng.remote.AbstractRemoteTestNG.run(AbstractRemoteTestNG.java:115)
at org.testng.remote.RemoteTestNG.initAndRun(RemoteTestNG.java:251)
at org.testng.remote.RemoteTestNG.main(RemoteTestNG.java:77)
]]>
            </full-stacktrace>
          </exception> <!-- org.openqa.selenium.NoSuchElementException -->
          <reporter-output>
            <line>
              <![CDATA[element unable to found]]>
            </line>
          </reporter-output>
        </test-method> <!-- CheckoutInformationFill -->
        <test-method is-config="true" signature="logOut()[pri:0, instance:com.Saucedemo.Testclasses.TC05CheckoutInformationFill@647e447]" started-at="2022-04-15T12:07:57 IST" name="logOut" finished-at="2022-04-15T12:07:57 IST" duration-ms="320" status="PASS">
          <reporter-output>
          </reporter-output>
        </test-method> <!-- logOut -->
        <test-method is-config="true" signature="closeBrowser()[pri:0, instance:com.Saucedemo.Testclasses.TC05CheckoutInformationFill@647e447]" started-at="2022-04-15T12:07:57 IST" name="closeBrowser" finished-at="2022-04-15T12:07:58 IST" duration-ms="550" status="PASS">
          <reporter-output>
          </reporter-output>
        </test-method> <!-- closeBrowser -->
      </class> <!-- com.Saucedemo.Testclasses.TC05CheckoutInformationFill -->
      <class name="com.Saucedemo.Testclasses.TC03AddtoCartFunctionality">
        <test-method is-config="true" signature="openBrowser(java.lang.String)[pri:0, instance:com.Saucedemo.Testclasses.TC03AddtoCartFunctionality@3c407114]" started-at="2022-04-15T12:08:05 IST" name="openBrowser" finished-at="2022-04-15T12:08:10 IST" duration-ms="4800" status="PASS">
          <params>
            <param index="0">
              <value>
                <![CDATA[chrome]]>
              </value>
            </param>
          </params>
          <reporter-output>
          </reporter-output>
        </test-method> <!-- openBrowser -->
        <test-method is-config="true" signature="logIn()[pri:0, instance:com.Saucedemo.Testclasses.TC03AddtoCartFunctionality@3c407114]" started-at="2022-04-15T12:08:10 IST" name="logIn" finished-at="2022-04-15T12:08:10 IST" duration-ms="383" status="PASS">
          <reporter-output>
          </reporter-output>
        </test-method> <!-- logIn -->
        <test-method signature="AddtoCartFunctionality()[pri:2, instance:com.Saucedemo.Testclasses.TC03AddtoCartFunctionality@3c407114]" started-at="2022-04-15T12:08:10 IST" name="AddtoCartFunctionality" finished-at="2022-04-15T12:08:16 IST" duration-ms="5522" status="PASS">
          <reporter-output>
          </reporter-output>
        </test-method> <!-- AddtoCartFunctionality -->
        <test-method is-config="true" signature="logOut()[pri:0, instance:com.Saucedemo.Testclasses.TC03AddtoCartFunctionality@3c407114]" started-at="2022-04-15T12:08:16 IST" name="logOut" finished-at="2022-04-15T12:08:16 IST" duration-ms="346" status="PASS">
          <reporter-output>
          </reporter-output>
        </test-method> <!-- logOut -->
        <test-method is-config="true" signature="closeBrowser()[pri:0, instance:com.Saucedemo.Testclasses.TC03AddtoCartFunctionality@3c407114]" started-at="2022-04-15T12:08:16 IST" name="closeBrowser" finished-at="2022-04-15T12:08:17 IST" duration-ms="540" status="PASS">
          <reporter-output>
          </reporter-output>
        </test-method> <!-- closeBrowser -->
      </class> <!-- com.Saucedemo.Testclasses.TC03AddtoCartFunctionality -->
    </test> <!-- Test -->
  </suite> <!-- Suite -->
</testng-results>
